\\mac\home\desktop\my work\学习\microphonecontroller\x64\release\microphonecontroller.ipdb
\\mac\home\desktop\my work\学习\microphonecontroller\x64\release\microphonecontroller.iobj
\\mac\home\desktop\my work\学习\microphonecontroller\x64\release\microphonecontroller.exe
\\mac\home\desktop\my work\学习\microphonecontroller\x64\release\microphonecontroller.pdb
\\mac\home\desktop\my work\学习\microphonecontroller\microphonecontroller\x64\release\microphonecontroller.res
\\mac\home\desktop\my work\学习\microphonecontroller\microphonecontroller\x64\release\microphonecontroller.pch
\\mac\home\desktop\my work\学习\microphonecontroller\microphonecontroller\x64\release\vc142.pdb
\\mac\home\desktop\my work\学习\microphonecontroller\microphonecontroller\x64\release\pch.obj
\\mac\home\desktop\my work\学习\microphonecontroller\microphonecontroller\x64\release\microphonecontrollerdlg.obj
\\mac\home\desktop\my work\学习\microphonecontroller\microphonecontroller\x64\release\microphonecontroller.obj
\\mac\home\desktop\my work\学习\microphonecontroller\microphonecontroller\x64\release\micropho.c030e3c0.tlog\microphonecontroller.write.1u.tlog
\\mac\home\desktop\my work\学习\microphonecontroller\microphonecontroller\x64\release\micropho.c030e3c0.tlog\link.read.1.tlog
\\mac\home\desktop\my work\学习\microphonecontroller\microphonecontroller\x64\release\micropho.c030e3c0.tlog\link.command.1.tlog
\\mac\home\desktop\my work\学习\microphonecontroller\microphonecontroller\x64\release\micropho.c030e3c0.tlog\rc.command.1.tlog
\\mac\home\desktop\my work\学习\microphonecontroller\microphonecontroller\x64\release\micropho.c030e3c0.tlog\link.write.1.tlog
\\mac\home\desktop\my work\学习\microphonecontroller\microphonecontroller\x64\release\micropho.c030e3c0.tlog\cl.read.1.tlog
\\mac\home\desktop\my work\学习\microphonecontroller\microphonecontroller\x64\release\micropho.c030e3c0.tlog\rc.write.1.tlog
\\mac\home\desktop\my work\学习\microphonecontroller\microphonecontroller\x64\release\micropho.c030e3c0.tlog\cl.command.1.tlog
\\mac\home\desktop\my work\学习\microphonecontroller\microphonecontroller\x64\release\micropho.c030e3c0.tlog\rc.read.1.tlog
\\mac\home\desktop\my work\学习\microphonecontroller\microphonecontroller\x64\release\micropho.c030e3c0.tlog\cl.write.1.tlog
